<?xml version="1.0" encoding="UTF-8"?>
<testsuite name="DiceTest" tests="6" skipped="0" failures="0" errors="0" timestamp="2025-01-07T11:31:13" hostname="ZEHAA" time="0.022">
  <properties/>
  <testcase name="testSetRolledValueInvalidIndex()" classname="DiceTest" time="0.009"/>
  <testcase name="testRoll()" classname="DiceTest" time="0.003"/>
  <testcase name="testRollMultiple()" classname="DiceTest" time="0.0"/>
  <testcase name="testRerollSpecificDice()" classname="DiceTest" time="0.001"/>
  <testcase name="testGetRolledValues()" classname="DiceTest" time="0.002"/>
  <testcase name="testSetRolledValue()" classname="DiceTest" time="0.001"/>
  <system-out><![CDATA[]]></system-out>
  <system-err><![CDATA[]]></system-err>
</testsuite>
